<?xml version="1.0" encoding="UTF-8"?>
<testsuite xmlns:xsi="http://www.w3.org/2001/XMLSchema-instance" xsi:noNamespaceSchemaLocation="https://maven.apache.org/surefire/maven-surefire-plugin/xsd/surefire-test-report-3.0.xsd" version="3.0" name="runners.TestRunner" time="14.708" tests="2" errors="0" skipped="0" failures="0">
  <properties>
[...]
</properties>
  <testcase name="runScenario[&quot;Verify API response&quot;, &quot;Optional[Example API Test]&quot;](1)" classname="runners.TestRunner" time="8.782">
    <system-out><![CDATA[Configuring TestNG with: TestNG60Configurator

Scenario: Verify page title                                         # src/test/resources/features/ui.feature:3

Scenario: Verify API response                                                              # src/test/resources/features/api.feature:3
  Given I send a GET request to "https://5e347d8d73644c7c8c69dd27d1f2a49d.api.mockbin.io/" # stepDefinitions.APIStepDefinitions.i_send_a_get_request_to(java.lang.String)
  Then the response status code should be 200                                              # stepDefinitions.APIStepDefinitions.the_response_status_code_should_be(int)
  Then the response body should contain "Hello World"                                      # stepDefinitions.APIStepDefinitions.the_response_body_should_contain(java.lang.String)
]]></system-out>
    <system-err><![CDATA[SLF4J: Failed to load class "org.slf4j.impl.StaticLoggerBinder".
SLF4J: Defaulting to no-operation (NOP) logger implementation
SLF4J: See http://www.slf4j.org/codes.html#StaticLoggerBinder for further details.
Starting ChromeDriver 134.0.6998.35 (ea6ef4c2ac15ae95d2cfd65682da62c093415099-refs/branch-heads/6998@{#1472}) on port 36267
Only local connections are allowed.
Please see https://chromedriver.chromium.org/security-considerations for suggestions on keeping ChromeDriver safe.
ChromeDriver was started successfully on port 36267.
Mar 08, 2025 1:55:10 AM org.openqa.selenium.devtools.CdpVersionFinder findNearestMatch
WARNING: Unable to find CDP implementation matching 134
Mar 08, 2025 1:55:10 AM org.openqa.selenium.chromium.ChromiumDriver lambda$new$3
WARNING: Unable to find version of CDP to use for . You may need to include a dependency on a specific version of the CDP using something similar to `org.seleniumhq.selenium:selenium-devtools-v86:4.8.1` where the version ("v86") matches the version of the chromium-based browser you're using and the version number of the artifact is the same as Selenium's.
]]></system-err>
  </testcase>
  <testcase name="runScenario[&quot;Verify page title&quot;, &quot;Optional[Example UI Test]&quot;](2)" classname="runners.TestRunner" time="12.652">
    <system-out><![CDATA[  Given I open the browser and navigate to "https://www.google.com" # stepDefinitions.UIStepDefinitions.i_open_the_browser_and_navigate_to(java.lang.String)
  Then the page title should be "Google"                            # stepDefinitions.UIStepDefinitions.the_page_title_should_be(java.lang.String)
]]></system-out>
  </testcase>
</testsuite>